<?xml version="1.0" encoding="utf-8"?>
<CoverageSession>
  <Summary numSequencePoints="184" visitedSequencePoints="177" numBranchPoints="52" visitedBranchPoints="49" sequenceCoverage="96.19" branchCoverage="94.23" maxCyclomaticComplexity="60" minCyclomaticComplexity="60" visitedClasses="1" numClasses="2" visitedMethods="14" numMethods="15" />
  <Modules>
    <Module hash="E43715AB-8C43-4DB9-80C3-6CA2F993ACC2">
      <ModulePath>Trivia.dll</ModulePath>
      <ModuleTime>2024-04-24T09:13:55</ModuleTime>
      <ModuleName>Trivia</ModuleName>
      <Files>
        <File uid="1" fullPath="C:\Users\ramartinez\Desktop\Codesai\manuel\changing-legacy-training-csharp\ugly-trivia\Trivia\Game.cs" />
        <File uid="2" fullPath="C:\Users\ramartinez\Desktop\Codesai\manuel\changing-legacy-training-csharp\ugly-trivia\Trivia\GameRunner.cs" />
      </Files>
      <Classes>
        <Class>
          <Summary numSequencePoints="177" visitedSequencePoints="177" numBranchPoints="52" visitedBranchPoints="49" sequenceCoverage="100" branchCoverage="94.23" maxCyclomaticComplexity="18" minCyclomaticComplexity="1" visitedClasses="1" numClasses="1" visitedMethods="14" numMethods="14" />
          <FullName>Trivia.Game</FullName>
          <Methods>
            <Method cyclomaticComplexity="4" nPathComplexity="4" sequenceCoverage="100" branchCoverage="100" isConstructor="False" isGetter="False" isSetter="False" isStatic="True">
              <Summary numSequencePoints="13" visitedSequencePoints="13" numBranchPoints="4" visitedBranchPoints="4" sequenceCoverage="100" branchCoverage="100" maxCyclomaticComplexity="4" minCyclomaticComplexity="4" visitedClasses="0" numClasses="0" visitedMethods="1" numMethods="1" />
              <MetadataToken />
              <Name>System.Void Trivia.Game::Run()</Name>
              <FileRef uid="1" />
              <SequencePoints>
                <SequencePoint vc="1" uspid="33" ordinal="0" sl="33" sc="1" el="33" ec="2" bec="0" bev="0" fileid="1" />
                <SequencePoint vc="1" uspid="37" ordinal="1" sl="37" sc="1" el="37" ec="2" bec="0" bev="0" fileid="1" />
                <SequencePoint vc="26" uspid="40" ordinal="2" sl="40" sc="1" el="40" ec="2" bec="0" bev="0" fileid="1" />
                <SequencePoint vc="26" uspid="42" ordinal="3" sl="42" sc="1" el="42" ec="2" bec="0" bev="0" fileid="1" />
                <SequencePoint vc="26" uspid="44" ordinal="4" sl="44" sc="1" el="44" ec="2" bec="2" bev="2" fileid="1" />
                <SequencePoint vc="3" uspid="45" ordinal="5" sl="45" sc="1" el="45" ec="2" bec="0" bev="0" fileid="1" />
                <SequencePoint vc="3" uspid="46" ordinal="6" sl="46" sc="1" el="46" ec="2" bec="0" bev="0" fileid="1" />
                <SequencePoint vc="3" uspid="47" ordinal="7" sl="47" sc="1" el="47" ec="2" bec="0" bev="0" fileid="1" />
                <SequencePoint vc="23" uspid="49" ordinal="8" sl="49" sc="1" el="49" ec="2" bec="0" bev="0" fileid="1" />
                <SequencePoint vc="23" uspid="50" ordinal="9" sl="50" sc="1" el="50" ec="2" bec="0" bev="0" fileid="1" />
                <SequencePoint vc="23" uspid="51" ordinal="10" sl="51" sc="1" el="51" ec="2" bec="0" bev="0" fileid="1" />
                <SequencePoint vc="52" uspid="52" ordinal="11" sl="52" sc="1" el="52" ec="2" bec="2" bev="2" fileid="1" />
                <SequencePoint vc="1" uspid="53" ordinal="12" sl="53" sc="1" el="53" ec="2" bec="0" bev="0" fileid="1" />
              </SequencePoints>
              <BranchPoints>
                <BranchPoint vc="26" uspid="52" ordinal="3" path="1" offset="57" offsetend="7" sl="52" fileid="1" />
                <BranchPoint vc="3" uspid="44" ordinal="0" path="0" offset="31" offsetend="33" sl="44" fileid="1" />
                <BranchPoint vc="23" uspid="44" ordinal="1" path="1" offset="31" offsetend="44" sl="44" fileid="1" />
                <BranchPoint vc="1" uspid="52" ordinal="2" path="0" offset="57" offsetend="59" sl="52" fileid="1" />
              </BranchPoints>
              <MethodPoint vc="13" uspid="0" p8:type="SequencePoint" ordinal="0" offset="0" sc="0" sl="33" ec="1" el="53" bec="0" bev="0" fileid="1" xmlns:p8="xsi" />
            </Method>
            <Method cyclomaticComplexity="1" nPathComplexity="1" sequenceCoverage="100" branchCoverage="100" isConstructor="False" isGetter="False" isSetter="False" isStatic="True">
              <Summary numSequencePoints="3" visitedSequencePoints="3" numBranchPoints="0" visitedBranchPoints="0" sequenceCoverage="100" branchCoverage="100" maxCyclomaticComplexity="1" minCyclomaticComplexity="1" visitedClasses="0" numClasses="0" visitedMethods="1" numMethods="1" />
              <MetadataToken />
              <Name>System.String Trivia.Game::CreateRockQuestion(System.Int32)</Name>
              <FileRef uid="1" />
              <SequencePoints>
                <SequencePoint vc="50" uspid="56" ordinal="0" sl="56" sc="1" el="56" ec="2" bec="0" bev="0" fileid="1" />
                <SequencePoint vc="50" uspid="57" ordinal="1" sl="57" sc="1" el="57" ec="2" bec="0" bev="0" fileid="1" />
                <SequencePoint vc="50" uspid="58" ordinal="2" sl="58" sc="1" el="58" ec="2" bec="0" bev="0" fileid="1" />
              </SequencePoints>
              <BranchPoints />
              <MethodPoint vc="3" uspid="0" p8:type="SequencePoint" ordinal="1" offset="1" sc="0" sl="56" ec="1" el="58" bec="0" bev="0" fileid="1" xmlns:p8="xsi" />
            </Method>
            <Method cyclomaticComplexity="1" nPathComplexity="1" sequenceCoverage="100" branchCoverage="100" isConstructor="False" isGetter="False" isSetter="False" isStatic="True">
              <Summary numSequencePoints="9" visitedSequencePoints="9" numBranchPoints="0" visitedBranchPoints="0" sequenceCoverage="100" branchCoverage="100" maxCyclomaticComplexity="1" minCyclomaticComplexity="1" visitedClasses="0" numClasses="0" visitedMethods="1" numMethods="1" />
              <MetadataToken />
              <Name>System.Boolean Trivia.Game::Add(System.String)</Name>
              <FileRef uid="1" />
              <SequencePoints>
                <SequencePoint vc="5" uspid="61" ordinal="0" sl="61" sc="1" el="61" ec="2" bec="0" bev="0" fileid="1" />
                <SequencePoint vc="5" uspid="62" ordinal="1" sl="62" sc="1" el="62" ec="2" bec="0" bev="0" fileid="1" />
                <SequencePoint vc="5" uspid="63" ordinal="2" sl="63" sc="1" el="63" ec="2" bec="0" bev="0" fileid="1" />
                <SequencePoint vc="5" uspid="64" ordinal="3" sl="64" sc="1" el="64" ec="2" bec="0" bev="0" fileid="1" />
                <SequencePoint vc="5" uspid="65" ordinal="4" sl="65" sc="1" el="65" ec="2" bec="0" bev="0" fileid="1" />
                <SequencePoint vc="5" uspid="67" ordinal="5" sl="67" sc="1" el="67" ec="2" bec="0" bev="0" fileid="1" />
                <SequencePoint vc="5" uspid="68" ordinal="6" sl="68" sc="1" el="68" ec="2" bec="0" bev="0" fileid="1" />
                <SequencePoint vc="5" uspid="69" ordinal="7" sl="69" sc="1" el="69" ec="2" bec="0" bev="0" fileid="1" />
                <SequencePoint vc="5" uspid="70" ordinal="8" sl="70" sc="1" el="70" ec="2" bec="0" bev="0" fileid="1" />
              </SequencePoints>
              <BranchPoints />
              <MethodPoint vc="9" uspid="0" p8:type="SequencePoint" ordinal="2" offset="2" sc="0" sl="61" ec="1" el="70" bec="0" bev="0" fileid="1" xmlns:p8="xsi" />
            </Method>
            <Method cyclomaticComplexity="1" nPathComplexity="1" sequenceCoverage="100" branchCoverage="100" isConstructor="False" isGetter="False" isSetter="False" isStatic="True">
              <Summary numSequencePoints="3" visitedSequencePoints="3" numBranchPoints="0" visitedBranchPoints="0" sequenceCoverage="100" branchCoverage="100" maxCyclomaticComplexity="1" minCyclomaticComplexity="1" visitedClasses="0" numClasses="0" visitedMethods="1" numMethods="1" />
              <MetadataToken />
              <Name>System.Int32 Trivia.Game::HowManyPlayers()</Name>
              <FileRef uid="1" />
              <SequencePoints>
                <SequencePoint vc="15" uspid="74" ordinal="0" sl="74" sc="1" el="74" ec="2" bec="0" bev="0" fileid="1" />
                <SequencePoint vc="15" uspid="75" ordinal="1" sl="75" sc="1" el="75" ec="2" bec="0" bev="0" fileid="1" />
                <SequencePoint vc="15" uspid="76" ordinal="2" sl="76" sc="1" el="76" ec="2" bec="0" bev="0" fileid="1" />
              </SequencePoints>
              <BranchPoints />
              <MethodPoint vc="3" uspid="0" p8:type="SequencePoint" ordinal="3" offset="3" sc="0" sl="74" ec="1" el="76" bec="0" bev="0" fileid="1" xmlns:p8="xsi" />
            </Method>
            <Method cyclomaticComplexity="8" nPathComplexity="8" sequenceCoverage="100" branchCoverage="100" isConstructor="False" isGetter="False" isSetter="False" isStatic="True">
              <Summary numSequencePoints="38" visitedSequencePoints="38" numBranchPoints="8" visitedBranchPoints="8" sequenceCoverage="100" branchCoverage="100" maxCyclomaticComplexity="8" minCyclomaticComplexity="8" visitedClasses="0" numClasses="0" visitedMethods="1" numMethods="1" />
              <MetadataToken />
              <Name>System.Void Trivia.Game::Roll(System.Int32)</Name>
              <FileRef uid="1" />
              <SequencePoints>
                <SequencePoint vc="26" uspid="79" ordinal="0" sl="79" sc="1" el="79" ec="2" bec="0" bev="0" fileid="1" />
                <SequencePoint vc="26" uspid="80" ordinal="1" sl="80" sc="1" el="80" ec="2" bec="0" bev="0" fileid="1" />
                <SequencePoint vc="26" uspid="81" ordinal="2" sl="81" sc="1" el="81" ec="2" bec="0" bev="0" fileid="1" />
                <SequencePoint vc="26" uspid="83" ordinal="3" sl="83" sc="1" el="83" ec="2" bec="2" bev="2" fileid="1" />
                <SequencePoint vc="7" uspid="84" ordinal="4" sl="84" sc="1" el="84" ec="2" bec="0" bev="0" fileid="1" />
                <SequencePoint vc="7" uspid="85" ordinal="5" sl="85" sc="1" el="85" ec="2" bec="2" bev="2" fileid="1" />
                <SequencePoint vc="4" uspid="86" ordinal="6" sl="86" sc="1" el="86" ec="2" bec="0" bev="0" fileid="1" />
                <SequencePoint vc="4" uspid="87" ordinal="7" sl="87" sc="1" el="87" ec="2" bec="0" bev="0" fileid="1" />
                <SequencePoint vc="4" uspid="89" ordinal="8" sl="89" sc="1" el="89" ec="2" bec="0" bev="0" fileid="1" />
                <SequencePoint vc="4" uspid="90" ordinal="9" sl="90" sc="1" el="90" ec="2" bec="0" bev="0" fileid="1" />
                <SequencePoint vc="4" uspid="91" ordinal="10" sl="91" sc="1" el="91" ec="2" bec="2" bev="2" fileid="1" />
                <SequencePoint vc="1" uspid="92" ordinal="11" sl="92" sc="1" el="92" ec="2" bec="0" bev="0" fileid="1" />
                <SequencePoint vc="1" uspid="93" ordinal="12" sl="93" sc="1" el="93" ec="2" bec="0" bev="0" fileid="1" />
                <SequencePoint vc="1" uspid="94" ordinal="13" sl="94" sc="1" el="94" ec="2" bec="0" bev="0" fileid="1" />
                <SequencePoint vc="4" uspid="96" ordinal="14" sl="96" sc="1" el="96" ec="2" bec="0" bev="0" fileid="1" />
                <SequencePoint vc="4" uspid="97" ordinal="15" sl="97" sc="1" el="97" ec="2" bec="0" bev="0" fileid="1" />
                <SequencePoint vc="4" uspid="98" ordinal="16" sl="98" sc="1" el="98" ec="2" bec="0" bev="0" fileid="1" />
                <SequencePoint vc="4" uspid="99" ordinal="17" sl="99" sc="1" el="99" ec="2" bec="0" bev="0" fileid="1" />
                <SequencePoint vc="4" uspid="100" ordinal="18" sl="100" sc="1" el="100" ec="2" bec="0" bev="0" fileid="1" />
                <SequencePoint vc="4" uspid="101" ordinal="19" sl="101" sc="1" el="101" ec="2" bec="0" bev="0" fileid="1" />
                <SequencePoint vc="3" uspid="103" ordinal="20" sl="103" sc="1" el="103" ec="2" bec="0" bev="0" fileid="1" />
                <SequencePoint vc="3" uspid="104" ordinal="21" sl="104" sc="1" el="104" ec="2" bec="0" bev="0" fileid="1" />
                <SequencePoint vc="3" uspid="105" ordinal="22" sl="105" sc="1" el="105" ec="2" bec="0" bev="0" fileid="1" />
                <SequencePoint vc="3" uspid="106" ordinal="23" sl="106" sc="1" el="106" ec="2" bec="0" bev="0" fileid="1" />
                <SequencePoint vc="7" uspid="107" ordinal="24" sl="107" sc="1" el="107" ec="2" bec="0" bev="0" fileid="1" />
                <SequencePoint vc="19" uspid="109" ordinal="25" sl="109" sc="1" el="109" ec="2" bec="0" bev="0" fileid="1" />
                <SequencePoint vc="19" uspid="110" ordinal="26" sl="110" sc="1" el="110" ec="2" bec="0" bev="0" fileid="1" />
                <SequencePoint vc="19" uspid="111" ordinal="27" sl="111" sc="1" el="111" ec="2" bec="2" bev="2" fileid="1" />
                <SequencePoint vc="2" uspid="112" ordinal="28" sl="112" sc="1" el="112" ec="2" bec="0" bev="0" fileid="1" />
                <SequencePoint vc="2" uspid="113" ordinal="29" sl="113" sc="1" el="113" ec="2" bec="0" bev="0" fileid="1" />
                <SequencePoint vc="2" uspid="114" ordinal="30" sl="114" sc="1" el="114" ec="2" bec="0" bev="0" fileid="1" />
                <SequencePoint vc="19" uspid="116" ordinal="31" sl="116" sc="1" el="116" ec="2" bec="0" bev="0" fileid="1" />
                <SequencePoint vc="19" uspid="117" ordinal="32" sl="117" sc="1" el="117" ec="2" bec="0" bev="0" fileid="1" />
                <SequencePoint vc="19" uspid="118" ordinal="33" sl="118" sc="1" el="118" ec="2" bec="0" bev="0" fileid="1" />
                <SequencePoint vc="19" uspid="119" ordinal="34" sl="119" sc="1" el="119" ec="2" bec="0" bev="0" fileid="1" />
                <SequencePoint vc="19" uspid="120" ordinal="35" sl="120" sc="1" el="120" ec="2" bec="0" bev="0" fileid="1" />
                <SequencePoint vc="19" uspid="121" ordinal="36" sl="121" sc="1" el="121" ec="2" bec="0" bev="0" fileid="1" />
                <SequencePoint vc="26" uspid="122" ordinal="37" sl="122" sc="1" el="122" ec="2" bec="0" bev="0" fileid="1" />
              </SequencePoints>
              <BranchPoints>
                <BranchPoint vc="7" uspid="83" ordinal="0" path="0" offset="74" offsetend="79" sl="83" fileid="1" />
                <BranchPoint vc="4" uspid="85" ordinal="2" path="0" offset="88" offsetend="93" sl="85" fileid="1" />
                <BranchPoint vc="1" uspid="91" ordinal="4" path="0" offset="182" offsetend="184" sl="91" fileid="1" />
                <BranchPoint vc="4" uspid="91" ordinal="5" path="1" offset="182" offsetend="215" sl="91" fileid="1" />
                <BranchPoint vc="3" uspid="85" ordinal="3" path="1" offset="88" offsetend="304" sl="85" fileid="1" />
                <BranchPoint vc="19" uspid="83" ordinal="1" path="1" offset="74" offsetend="353" sl="83" fileid="1" />
                <BranchPoint vc="2" uspid="111" ordinal="6" path="0" offset="401" offsetend="403" sl="111" fileid="1" />
                <BranchPoint vc="19" uspid="111" ordinal="7" path="1" offset="401" offsetend="434" sl="111" fileid="1" />
              </BranchPoints>
              <MethodPoint vc="38" uspid="0" p8:type="SequencePoint" ordinal="4" offset="4" sc="0" sl="79" ec="1" el="122" bec="0" bev="0" fileid="1" xmlns:p8="xsi" />
            </Method>
            <Method cyclomaticComplexity="8" nPathComplexity="8" sequenceCoverage="100" branchCoverage="100" isConstructor="False" isGetter="False" isSetter="False" isStatic="True">
              <Summary numSequencePoints="22" visitedSequencePoints="22" numBranchPoints="8" visitedBranchPoints="8" sequenceCoverage="100" branchCoverage="100" maxCyclomaticComplexity="8" minCyclomaticComplexity="8" visitedClasses="0" numClasses="0" visitedMethods="1" numMethods="1" />
              <MetadataToken />
              <Name>System.Void Trivia.Game::AskQuestion()</Name>
              <FileRef uid="1" />
              <SequencePoints>
                <SequencePoint vc="23" uspid="125" ordinal="0" sl="125" sc="1" el="125" ec="2" bec="0" bev="0" fileid="1" />
                <SequencePoint vc="23" uspid="126" ordinal="1" sl="126" sc="1" el="126" ec="2" bec="2" bev="2" fileid="1" />
                <SequencePoint vc="7" uspid="127" ordinal="2" sl="127" sc="1" el="127" ec="2" bec="0" bev="0" fileid="1" />
                <SequencePoint vc="7" uspid="128" ordinal="3" sl="128" sc="1" el="128" ec="2" bec="0" bev="0" fileid="1" />
                <SequencePoint vc="7" uspid="129" ordinal="4" sl="129" sc="1" el="129" ec="2" bec="0" bev="0" fileid="1" />
                <SequencePoint vc="7" uspid="130" ordinal="5" sl="130" sc="1" el="130" ec="2" bec="0" bev="0" fileid="1" />
                <SequencePoint vc="23" uspid="132" ordinal="6" sl="132" sc="1" el="132" ec="2" bec="2" bev="2" fileid="1" />
                <SequencePoint vc="6" uspid="133" ordinal="7" sl="133" sc="1" el="133" ec="2" bec="0" bev="0" fileid="1" />
                <SequencePoint vc="6" uspid="134" ordinal="8" sl="134" sc="1" el="134" ec="2" bec="0" bev="0" fileid="1" />
                <SequencePoint vc="6" uspid="135" ordinal="9" sl="135" sc="1" el="135" ec="2" bec="0" bev="0" fileid="1" />
                <SequencePoint vc="6" uspid="136" ordinal="10" sl="136" sc="1" el="136" ec="2" bec="0" bev="0" fileid="1" />
                <SequencePoint vc="23" uspid="138" ordinal="11" sl="138" sc="1" el="138" ec="2" bec="2" bev="2" fileid="1" />
                <SequencePoint vc="6" uspid="139" ordinal="12" sl="139" sc="1" el="139" ec="2" bec="0" bev="0" fileid="1" />
                <SequencePoint vc="6" uspid="140" ordinal="13" sl="140" sc="1" el="140" ec="2" bec="0" bev="0" fileid="1" />
                <SequencePoint vc="6" uspid="141" ordinal="14" sl="141" sc="1" el="141" ec="2" bec="0" bev="0" fileid="1" />
                <SequencePoint vc="6" uspid="142" ordinal="15" sl="142" sc="1" el="142" ec="2" bec="0" bev="0" fileid="1" />
                <SequencePoint vc="23" uspid="144" ordinal="16" sl="144" sc="1" el="144" ec="2" bec="2" bev="2" fileid="1" />
                <SequencePoint vc="4" uspid="145" ordinal="17" sl="145" sc="1" el="145" ec="2" bec="0" bev="0" fileid="1" />
                <SequencePoint vc="4" uspid="146" ordinal="18" sl="146" sc="1" el="146" ec="2" bec="0" bev="0" fileid="1" />
                <SequencePoint vc="4" uspid="147" ordinal="19" sl="147" sc="1" el="147" ec="2" bec="0" bev="0" fileid="1" />
                <SequencePoint vc="4" uspid="148" ordinal="20" sl="148" sc="1" el="148" ec="2" bec="0" bev="0" fileid="1" />
                <SequencePoint vc="23" uspid="149" ordinal="21" sl="149" sc="1" el="149" ec="2" bec="0" bev="0" fileid="1" />
              </SequencePoints>
              <BranchPoints>
                <BranchPoint vc="7" uspid="126" ordinal="0" path="0" offset="19" offsetend="21" sl="126" fileid="1" />
                <BranchPoint vc="23" uspid="126" ordinal="1" path="1" offset="19" offsetend="53" sl="126" fileid="1" />
                <BranchPoint vc="6" uspid="132" ordinal="2" path="0" offset="71" offsetend="73" sl="132" fileid="1" />
                <BranchPoint vc="23" uspid="132" ordinal="3" path="1" offset="71" offsetend="105" sl="132" fileid="1" />
                <BranchPoint vc="6" uspid="138" ordinal="4" path="0" offset="123" offsetend="125" sl="138" fileid="1" />
                <BranchPoint vc="23" uspid="138" ordinal="5" path="1" offset="123" offsetend="157" sl="138" fileid="1" />
                <BranchPoint vc="4" uspid="144" ordinal="6" path="0" offset="175" offsetend="177" sl="144" fileid="1" />
                <BranchPoint vc="23" uspid="144" ordinal="7" path="1" offset="175" offsetend="209" sl="144" fileid="1" />
              </BranchPoints>
              <MethodPoint vc="22" uspid="0" p8:type="SequencePoint" ordinal="5" offset="5" sc="0" sl="125" ec="1" el="149" bec="0" bev="0" fileid="1" xmlns:p8="xsi" />
            </Method>
            <Method cyclomaticComplexity="18" nPathComplexity="18" sequenceCoverage="100" branchCoverage="100" isConstructor="False" isGetter="False" isSetter="False" isStatic="True">
              <Summary numSequencePoints="12" visitedSequencePoints="12" numBranchPoints="18" visitedBranchPoints="18" sequenceCoverage="100" branchCoverage="100" maxCyclomaticComplexity="18" minCyclomaticComplexity="18" visitedClasses="0" numClasses="0" visitedMethods="1" numMethods="1" />
              <MetadataToken />
              <Name>System.String Trivia.Game::CurrentCategory()</Name>
              <FileRef uid="1" />
              <SequencePoints>
                <SequencePoint vc="115" uspid="152" ordinal="0" sl="152" sc="1" el="152" ec="2" bec="0" bev="0" fileid="1" />
                <SequencePoint vc="125" uspid="153" ordinal="1" sl="153" sc="1" el="153" ec="2" bec="2" bev="2" fileid="1" />
                <SequencePoint vc="120" uspid="154" ordinal="2" sl="154" sc="1" el="154" ec="2" bec="2" bev="2" fileid="1" />
                <SequencePoint vc="100" uspid="155" ordinal="3" sl="155" sc="1" el="155" ec="2" bec="2" bev="2" fileid="1" />
                <SequencePoint vc="90" uspid="156" ordinal="4" sl="156" sc="1" el="156" ec="2" bec="2" bev="2" fileid="1" />
                <SequencePoint vc="80" uspid="157" ordinal="5" sl="157" sc="1" el="157" ec="2" bec="2" bev="2" fileid="1" />
                <SequencePoint vc="70" uspid="158" ordinal="6" sl="158" sc="1" el="158" ec="2" bec="2" bev="2" fileid="1" />
                <SequencePoint vc="60" uspid="159" ordinal="7" sl="159" sc="1" el="159" ec="2" bec="2" bev="2" fileid="1" />
                <SequencePoint vc="50" uspid="160" ordinal="8" sl="160" sc="1" el="160" ec="2" bec="2" bev="2" fileid="1" />
                <SequencePoint vc="40" uspid="161" ordinal="9" sl="161" sc="1" el="161" ec="2" bec="2" bev="2" fileid="1" />
                <SequencePoint vc="20" uspid="162" ordinal="10" sl="162" sc="1" el="162" ec="2" bec="0" bev="0" fileid="1" />
                <SequencePoint vc="115" uspid="163" ordinal="11" sl="163" sc="1" el="163" ec="2" bec="0" bev="0" fileid="1" />
              </SequencePoints>
              <BranchPoints>
                <BranchPoint vc="10" uspid="153" ordinal="0" path="0" offset="19" offsetend="21" sl="153" fileid="1" />
                <BranchPoint vc="105" uspid="153" ordinal="1" path="1" offset="19" offsetend="32" sl="153" fileid="1" />
                <BranchPoint vc="15" uspid="154" ordinal="2" path="0" offset="50" offsetend="52" sl="154" fileid="1" />
                <BranchPoint vc="90" uspid="154" ordinal="3" path="1" offset="50" offsetend="63" sl="154" fileid="1" />
                <BranchPoint vc="10" uspid="155" ordinal="4" path="0" offset="81" offsetend="83" sl="155" fileid="1" />
                <BranchPoint vc="80" uspid="155" ordinal="5" path="1" offset="81" offsetend="94" sl="155" fileid="1" />
                <BranchPoint vc="10" uspid="156" ordinal="6" path="0" offset="114" offsetend="116" sl="156" fileid="1" />
                <BranchPoint vc="70" uspid="156" ordinal="7" path="1" offset="114" offsetend="127" sl="156" fileid="1" />
                <BranchPoint vc="10" uspid="157" ordinal="8" path="0" offset="147" offsetend="149" sl="157" fileid="1" />
                <BranchPoint vc="60" uspid="157" ordinal="9" path="1" offset="147" offsetend="160" sl="157" fileid="1" />
                <BranchPoint vc="10" uspid="158" ordinal="10" path="0" offset="181" offsetend="183" sl="158" fileid="1" />
                <BranchPoint vc="50" uspid="158" ordinal="11" path="1" offset="181" offsetend="191" sl="158" fileid="1" />
                <BranchPoint vc="10" uspid="159" ordinal="12" path="0" offset="211" offsetend="213" sl="159" fileid="1" />
                <BranchPoint vc="40" uspid="159" ordinal="13" path="1" offset="211" offsetend="221" sl="159" fileid="1" />
                <BranchPoint vc="10" uspid="160" ordinal="14" path="0" offset="241" offsetend="243" sl="160" fileid="1" />
                <BranchPoint vc="30" uspid="160" ordinal="15" path="1" offset="241" offsetend="251" sl="160" fileid="1" />
                <BranchPoint vc="10" uspid="161" ordinal="16" path="0" offset="272" offsetend="274" sl="161" fileid="1" />
                <BranchPoint vc="20" uspid="161" ordinal="17" path="1" offset="272" offsetend="282" sl="161" fileid="1" />
              </BranchPoints>
              <MethodPoint vc="12" uspid="0" p8:type="SequencePoint" ordinal="6" offset="6" sc="0" sl="152" ec="1" el="163" bec="0" bev="0" fileid="1" xmlns:p8="xsi" />
            </Method>
            <Method cyclomaticComplexity="1" nPathComplexity="1" sequenceCoverage="100" branchCoverage="100" isConstructor="False" isGetter="False" isSetter="False" isStatic="True">
              <Summary numSequencePoints="3" visitedSequencePoints="3" numBranchPoints="0" visitedBranchPoints="0" sequenceCoverage="100" branchCoverage="100" maxCyclomaticComplexity="1" minCyclomaticComplexity="1" visitedClasses="0" numClasses="0" visitedMethods="1" numMethods="1" />
              <MetadataToken />
              <Name>System.Boolean Trivia.Game::DidPlayerWin()</Name>
              <FileRef uid="1" />
              <SequencePoints>
                <SequencePoint vc="20" uspid="166" ordinal="0" sl="166" sc="1" el="166" ec="2" bec="0" bev="0" fileid="1" />
                <SequencePoint vc="20" uspid="167" ordinal="1" sl="167" sc="1" el="167" ec="2" bec="0" bev="0" fileid="1" />
                <SequencePoint vc="20" uspid="168" ordinal="2" sl="168" sc="1" el="168" ec="2" bec="0" bev="0" fileid="1" />
              </SequencePoints>
              <BranchPoints />
              <MethodPoint vc="3" uspid="0" p8:type="SequencePoint" ordinal="7" offset="7" sc="0" sl="166" ec="1" el="168" bec="0" bev="0" fileid="1" xmlns:p8="xsi" />
            </Method>
            <Method cyclomaticComplexity="2" nPathComplexity="2" sequenceCoverage="100" branchCoverage="50" isConstructor="False" isGetter="False" isSetter="False" isStatic="True">
              <Summary numSequencePoints="8" visitedSequencePoints="8" numBranchPoints="2" visitedBranchPoints="1" sequenceCoverage="100" branchCoverage="50" maxCyclomaticComplexity="2" minCyclomaticComplexity="2" visitedClasses="0" numClasses="0" visitedMethods="1" numMethods="1" />
              <MetadataToken />
              <Name>System.Boolean Trivia.Game::WrongAnswer()</Name>
              <FileRef uid="1" />
              <SequencePoints>
                <SequencePoint vc="3" uspid="171" ordinal="0" sl="171" sc="1" el="171" ec="2" bec="0" bev="0" fileid="1" />
                <SequencePoint vc="3" uspid="172" ordinal="1" sl="172" sc="1" el="172" ec="2" bec="0" bev="0" fileid="1" />
                <SequencePoint vc="3" uspid="173" ordinal="2" sl="173" sc="1" el="173" ec="2" bec="0" bev="0" fileid="1" />
                <SequencePoint vc="3" uspid="174" ordinal="3" sl="174" sc="1" el="174" ec="2" bec="0" bev="0" fileid="1" />
                <SequencePoint vc="3" uspid="176" ordinal="4" sl="176" sc="1" el="176" ec="2" bec="0" bev="0" fileid="1" />
                <SequencePoint vc="3" uspid="177" ordinal="5" sl="177" sc="1" el="177" ec="2" bec="2" bev="1" fileid="1" />
                <SequencePoint vc="3" uspid="178" ordinal="6" sl="178" sc="1" el="178" ec="2" bec="0" bev="0" fileid="1" />
                <SequencePoint vc="3" uspid="179" ordinal="7" sl="179" sc="1" el="179" ec="2" bec="0" bev="0" fileid="1" />
              </SequencePoints>
              <BranchPoints>
                <BranchPoint vc="0" uspid="177" ordinal="0" path="0" offset="96" offsetend="98" sl="177" fileid="1" />
                <BranchPoint vc="3" uspid="177" ordinal="1" path="1" offset="96" offsetend="105" sl="177" fileid="1" />
              </BranchPoints>
              <MethodPoint vc="8" uspid="0" p8:type="SequencePoint" ordinal="8" offset="8" sc="0" sl="171" ec="1" el="179" bec="0" bev="0" fileid="1" xmlns:p8="xsi" />
            </Method>
            <Method cyclomaticComplexity="10" nPathComplexity="10" sequenceCoverage="100" branchCoverage="80" isConstructor="False" isGetter="False" isSetter="False" isStatic="True">
              <Summary numSequencePoints="31" visitedSequencePoints="31" numBranchPoints="10" visitedBranchPoints="8" sequenceCoverage="100" branchCoverage="80" maxCyclomaticComplexity="10" minCyclomaticComplexity="10" visitedClasses="0" numClasses="0" visitedMethods="1" numMethods="1" />
              <MetadataToken />
              <Name>System.Boolean Trivia.Game::WasCorrectlyAnswered()</Name>
              <FileRef uid="1" />
              <SequencePoints>
                <SequencePoint vc="23" uspid="182" ordinal="0" sl="182" sc="1" el="182" ec="2" bec="0" bev="0" fileid="1" />
                <SequencePoint vc="23" uspid="183" ordinal="1" sl="183" sc="1" el="183" ec="2" bec="2" bev="2" fileid="1" />
                <SequencePoint vc="7" uspid="184" ordinal="2" sl="184" sc="1" el="184" ec="2" bec="0" bev="0" fileid="1" />
                <SequencePoint vc="7" uspid="185" ordinal="3" sl="185" sc="1" el="185" ec="2" bec="2" bev="2" fileid="1" />
                <SequencePoint vc="4" uspid="186" ordinal="4" sl="186" sc="1" el="186" ec="2" bec="0" bev="0" fileid="1" />
                <SequencePoint vc="4" uspid="187" ordinal="5" sl="187" sc="1" el="187" ec="2" bec="0" bev="0" fileid="1" />
                <SequencePoint vc="4" uspid="188" ordinal="6" sl="188" sc="1" el="188" ec="2" bec="0" bev="0" fileid="1" />
                <SequencePoint vc="4" uspid="189" ordinal="7" sl="189" sc="1" el="189" ec="2" bec="0" bev="0" fileid="1" />
                <SequencePoint vc="4" uspid="190" ordinal="8" sl="190" sc="1" el="190" ec="2" bec="0" bev="0" fileid="1" />
                <SequencePoint vc="4" uspid="191" ordinal="9" sl="191" sc="1" el="191" ec="2" bec="0" bev="0" fileid="1" />
                <SequencePoint vc="4" uspid="192" ordinal="10" sl="192" sc="1" el="192" ec="2" bec="0" bev="0" fileid="1" />
                <SequencePoint vc="4" uspid="194" ordinal="11" sl="194" sc="1" el="194" ec="2" bec="0" bev="0" fileid="1" />
                <SequencePoint vc="4" uspid="195" ordinal="12" sl="195" sc="1" el="195" ec="2" bec="0" bev="0" fileid="1" />
                <SequencePoint vc="4" uspid="196" ordinal="13" sl="196" sc="1" el="196" ec="2" bec="2" bev="1" fileid="1" />
                <SequencePoint vc="4" uspid="198" ordinal="14" sl="198" sc="1" el="198" ec="2" bec="0" bev="0" fileid="1" />
                <SequencePoint vc="3" uspid="201" ordinal="15" sl="201" sc="1" el="201" ec="2" bec="0" bev="0" fileid="1" />
                <SequencePoint vc="3" uspid="202" ordinal="16" sl="202" sc="1" el="202" ec="2" bec="0" bev="0" fileid="1" />
                <SequencePoint vc="3" uspid="203" ordinal="17" sl="203" sc="1" el="203" ec="2" bec="2" bev="1" fileid="1" />
                <SequencePoint vc="3" uspid="204" ordinal="18" sl="204" sc="1" el="204" ec="2" bec="0" bev="0" fileid="1" />
                <SequencePoint vc="16" uspid="208" ordinal="19" sl="208" sc="1" el="208" ec="2" bec="0" bev="0" fileid="1" />
                <SequencePoint vc="16" uspid="209" ordinal="20" sl="209" sc="1" el="209" ec="2" bec="0" bev="0" fileid="1" />
                <SequencePoint vc="16" uspid="210" ordinal="21" sl="210" sc="1" el="210" ec="2" bec="0" bev="0" fileid="1" />
                <SequencePoint vc="16" uspid="211" ordinal="22" sl="211" sc="1" el="211" ec="2" bec="0" bev="0" fileid="1" />
                <SequencePoint vc="16" uspid="212" ordinal="23" sl="212" sc="1" el="212" ec="2" bec="0" bev="0" fileid="1" />
                <SequencePoint vc="16" uspid="213" ordinal="24" sl="213" sc="1" el="213" ec="2" bec="0" bev="0" fileid="1" />
                <SequencePoint vc="16" uspid="214" ordinal="25" sl="214" sc="1" el="214" ec="2" bec="0" bev="0" fileid="1" />
                <SequencePoint vc="16" uspid="216" ordinal="26" sl="216" sc="1" el="216" ec="2" bec="0" bev="0" fileid="1" />
                <SequencePoint vc="16" uspid="217" ordinal="27" sl="217" sc="1" el="217" ec="2" bec="0" bev="0" fileid="1" />
                <SequencePoint vc="21" uspid="218" ordinal="28" sl="218" sc="1" el="218" ec="2" bec="2" bev="2" fileid="1" />
                <SequencePoint vc="16" uspid="220" ordinal="29" sl="220" sc="1" el="220" ec="2" bec="0" bev="0" fileid="1" />
                <SequencePoint vc="23" uspid="222" ordinal="30" sl="222" sc="1" el="222" ec="2" bec="0" bev="0" fileid="1" />
              </SequencePoints>
              <BranchPoints>
                <BranchPoint vc="7" uspid="183" ordinal="0" path="0" offset="16" offsetend="21" sl="183" fileid="1" />
                <BranchPoint vc="4" uspid="185" ordinal="2" path="0" offset="30" offsetend="35" sl="185" fileid="1" />
                <BranchPoint vc="0" uspid="196" ordinal="4" path="0" offset="173" offsetend="175" sl="196" fileid="1" />
                <BranchPoint vc="4" uspid="196" ordinal="5" path="1" offset="173" offsetend="182" sl="196" fileid="1" />
                <BranchPoint vc="3" uspid="185" ordinal="3" path="1" offset="30" offsetend="190" sl="185" fileid="1" />
                <BranchPoint vc="0" uspid="203" ordinal="6" path="0" offset="228" offsetend="230" sl="203" fileid="1" />
                <BranchPoint vc="3" uspid="203" ordinal="7" path="1" offset="228" offsetend="237" sl="203" fileid="1" />
                <BranchPoint vc="16" uspid="183" ordinal="1" path="1" offset="16" offsetend="245" sl="183" fileid="1" />
                <BranchPoint vc="5" uspid="218" ordinal="8" path="0" offset="386" offsetend="388" sl="218" fileid="1" />
                <BranchPoint vc="16" uspid="218" ordinal="9" path="1" offset="386" offsetend="395" sl="218" fileid="1" />
              </BranchPoints>
              <MethodPoint vc="31" uspid="0" p8:type="SequencePoint" ordinal="9" offset="9" sc="0" sl="182" ec="1" el="222" bec="0" bev="0" fileid="1" xmlns:p8="xsi" />
            </Method>
            <Method cyclomaticComplexity="1" nPathComplexity="1" sequenceCoverage="100" branchCoverage="100" isConstructor="False" isGetter="False" isSetter="False" isStatic="True">
              <Summary numSequencePoints="5" visitedSequencePoints="5" numBranchPoints="0" visitedBranchPoints="0" sequenceCoverage="100" branchCoverage="100" maxCyclomaticComplexity="1" minCyclomaticComplexity="1" visitedClasses="0" numClasses="0" visitedMethods="1" numMethods="1" />
              <MetadataToken />
              <Name>System.Boolean Trivia.Game::IsWrongAnswer(System.Random)</Name>
              <FileRef uid="1" />
              <SequencePoints>
                <SequencePoint vc="26" uspid="225" ordinal="0" sl="225" sc="1" el="225" ec="2" bec="0" bev="0" fileid="1" />
                <SequencePoint vc="26" uspid="226" ordinal="1" sl="226" sc="1" el="226" ec="2" bec="0" bev="0" fileid="1" />
                <SequencePoint vc="26" uspid="227" ordinal="2" sl="227" sc="1" el="227" ec="2" bec="0" bev="0" fileid="1" />
                <SequencePoint vc="26" uspid="228" ordinal="3" sl="228" sc="1" el="228" ec="2" bec="0" bev="0" fileid="1" />
                <SequencePoint vc="26" uspid="229" ordinal="4" sl="229" sc="1" el="229" ec="2" bec="0" bev="0" fileid="1" />
              </SequencePoints>
              <BranchPoints />
              <MethodPoint vc="5" uspid="0" p8:type="SequencePoint" ordinal="10" offset="10" sc="0" sl="225" ec="1" el="229" bec="0" bev="0" fileid="1" xmlns:p8="xsi" />
            </Method>
            <Method cyclomaticComplexity="1" nPathComplexity="1" sequenceCoverage="100" branchCoverage="100" isConstructor="False" isGetter="False" isSetter="False" isStatic="True">
              <Summary numSequencePoints="5" visitedSequencePoints="5" numBranchPoints="0" visitedBranchPoints="0" sequenceCoverage="100" branchCoverage="100" maxCyclomaticComplexity="1" minCyclomaticComplexity="1" visitedClasses="0" numClasses="0" visitedMethods="1" numMethods="1" />
              <MetadataToken />
              <Name>System.Int32 Trivia.Game::RollDie(System.Random)</Name>
              <FileRef uid="1" />
              <SequencePoints>
                <SequencePoint vc="26" uspid="232" ordinal="0" sl="232" sc="1" el="232" ec="2" bec="0" bev="0" fileid="1" />
                <SequencePoint vc="26" uspid="233" ordinal="1" sl="233" sc="1" el="233" ec="2" bec="0" bev="0" fileid="1" />
                <SequencePoint vc="26" uspid="234" ordinal="2" sl="234" sc="1" el="234" ec="2" bec="0" bev="0" fileid="1" />
                <SequencePoint vc="26" uspid="235" ordinal="3" sl="235" sc="1" el="235" ec="2" bec="0" bev="0" fileid="1" />
                <SequencePoint vc="26" uspid="236" ordinal="4" sl="236" sc="1" el="236" ec="2" bec="0" bev="0" fileid="1" />
              </SequencePoints>
              <BranchPoints />
              <MethodPoint vc="5" uspid="0" p8:type="SequencePoint" ordinal="11" offset="11" sc="0" sl="232" ec="1" el="236" bec="0" bev="0" fileid="1" xmlns:p8="xsi" />
            </Method>
            <Method cyclomaticComplexity="1" nPathComplexity="1" sequenceCoverage="100" branchCoverage="100" isConstructor="False" isGetter="False" isSetter="False" isStatic="True">
              <Summary numSequencePoints="4" visitedSequencePoints="4" numBranchPoints="0" visitedBranchPoints="0" sequenceCoverage="100" branchCoverage="100" maxCyclomaticComplexity="1" minCyclomaticComplexity="1" visitedClasses="0" numClasses="0" visitedMethods="1" numMethods="1" />
              <MetadataToken />
              <Name>System.Void Trivia.Game::Notify(System.String)</Name>
              <FileRef uid="1" />
              <SequencePoints>
                <SequencePoint vc="184" uspid="238" ordinal="0" sl="238" sc="1" el="238" ec="2" bec="0" bev="0" fileid="1" />
                <SequencePoint vc="184" uspid="239" ordinal="1" sl="239" sc="1" el="239" ec="2" bec="0" bev="0" fileid="1" />
                <SequencePoint vc="184" uspid="240" ordinal="2" sl="240" sc="1" el="240" ec="2" bec="0" bev="0" fileid="1" />
                <SequencePoint vc="184" uspid="241" ordinal="3" sl="241" sc="1" el="241" ec="2" bec="0" bev="0" fileid="1" />
              </SequencePoints>
              <BranchPoints />
              <MethodPoint vc="4" uspid="0" p8:type="SequencePoint" ordinal="12" offset="12" sc="0" sl="238" ec="1" el="241" bec="0" bev="0" fileid="1" xmlns:p8="xsi" />
            </Method>
            <Method cyclomaticComplexity="2" nPathComplexity="2" sequenceCoverage="100" branchCoverage="100" isConstructor="True" isGetter="False" isSetter="False" isStatic="True">
              <Summary numSequencePoints="21" visitedSequencePoints="21" numBranchPoints="2" visitedBranchPoints="2" sequenceCoverage="100" branchCoverage="100" maxCyclomaticComplexity="2" minCyclomaticComplexity="2" visitedClasses="0" numClasses="0" visitedMethods="1" numMethods="1" />
              <MetadataToken />
              <Name>System.Void Trivia.Game::.ctor()</Name>
              <FileRef uid="1" />
              <SequencePoints>
                <SequencePoint vc="1" uspid="5" ordinal="0" sl="5" sc="1" el="5" ec="2" bec="0" bev="0" fileid="1" />
                <SequencePoint vc="1" uspid="6" ordinal="1" sl="6" sc="1" el="6" ec="2" bec="0" bev="0" fileid="1" />
                <SequencePoint vc="1" uspid="7" ordinal="2" sl="7" sc="1" el="7" ec="2" bec="0" bev="0" fileid="1" />
                <SequencePoint vc="1" uspid="9" ordinal="3" sl="9" sc="1" el="9" ec="2" bec="0" bev="0" fileid="1" />
                <SequencePoint vc="1" uspid="10" ordinal="4" sl="10" sc="1" el="10" ec="2" bec="0" bev="0" fileid="1" />
                <SequencePoint vc="1" uspid="11" ordinal="5" sl="11" sc="1" el="11" ec="2" bec="0" bev="0" fileid="1" />
                <SequencePoint vc="1" uspid="12" ordinal="6" sl="12" sc="1" el="12" ec="2" bec="0" bev="0" fileid="1" />
                <SequencePoint vc="1" uspid="16" ordinal="7" sl="16" sc="1" el="16" ec="2" bec="0" bev="0" fileid="1" />
                <SequencePoint vc="1" uspid="17" ordinal="8" sl="17" sc="1" el="17" ec="2" bec="0" bev="0" fileid="1" />
                <SequencePoint vc="1" uspid="18" ordinal="9" sl="18" sc="1" el="18" ec="2" bec="0" bev="0" fileid="1" />
                <SequencePoint vc="1" uspid="19" ordinal="10" sl="19" sc="1" el="19" ec="2" bec="0" bev="0" fileid="1" />
                <SequencePoint vc="1" uspid="21" ordinal="11" sl="21" sc="1" el="21" ec="2" bec="0" bev="0" fileid="1" />
                <SequencePoint vc="1" uspid="22" ordinal="12" sl="22" sc="1" el="22" ec="2" bec="0" bev="0" fileid="1" />
                <SequencePoint vc="102" uspid="23" ordinal="13" sl="23" sc="1" el="23" ec="2" bec="2" bev="2" fileid="1" />
                <SequencePoint vc="50" uspid="24" ordinal="14" sl="24" sc="1" el="24" ec="2" bec="0" bev="0" fileid="1" />
                <SequencePoint vc="50" uspid="25" ordinal="15" sl="25" sc="1" el="25" ec="2" bec="0" bev="0" fileid="1" />
                <SequencePoint vc="50" uspid="26" ordinal="16" sl="26" sc="1" el="26" ec="2" bec="0" bev="0" fileid="1" />
                <SequencePoint vc="50" uspid="27" ordinal="17" sl="27" sc="1" el="27" ec="2" bec="0" bev="0" fileid="1" />
                <SequencePoint vc="50" uspid="28" ordinal="18" sl="28" sc="1" el="28" ec="2" bec="0" bev="0" fileid="1" />
                <SequencePoint vc="50" uspid="29" ordinal="19" sl="29" sc="1" el="29" ec="2" bec="0" bev="0" fileid="1" />
                <SequencePoint vc="1" uspid="30" ordinal="20" sl="30" sc="1" el="30" ec="2" bec="0" bev="0" fileid="1" />
              </SequencePoints>
              <BranchPoints>
                <BranchPoint vc="50" uspid="23" ordinal="1" path="1" offset="255" offsetend="136" sl="23" fileid="1" />
                <BranchPoint vc="1" uspid="23" ordinal="0" path="0" offset="255" offsetend="257" sl="23" fileid="1" />
              </BranchPoints>
              <MethodPoint vc="21" uspid="0" p8:type="SequencePoint" ordinal="13" offset="13" sc="0" sl="5" ec="1" el="30" bec="0" bev="0" fileid="1" xmlns:p8="xsi" />
            </Method>
          </Methods>
        </Class>
        <Class>
          <Summary numSequencePoints="7" visitedSequencePoints="0" numBranchPoints="0" visitedBranchPoints="0" sequenceCoverage="0" branchCoverage="100" maxCyclomaticComplexity="1" minCyclomaticComplexity="1" visitedClasses="0" numClasses="1" visitedMethods="0" numMethods="1" />
          <FullName>Trivia.GameRunner</FullName>
          <Methods>
            <Method cyclomaticComplexity="1" nPathComplexity="1" sequenceCoverage="0" branchCoverage="100" isConstructor="False" isGetter="False" isSetter="False" isStatic="True">
              <Summary numSequencePoints="7" visitedSequencePoints="0" numBranchPoints="0" visitedBranchPoints="0" sequenceCoverage="0" branchCoverage="100" maxCyclomaticComplexity="1" minCyclomaticComplexity="1" visitedClasses="0" numClasses="0" visitedMethods="0" numMethods="1" />
              <MetadataToken />
              <Name>System.Void Trivia.GameRunner::Main(System.String[])</Name>
              <FileRef uid="2" />
              <SequencePoints>
                <SequencePoint vc="0" uspid="7" ordinal="0" sl="7" sc="1" el="7" ec="2" bec="0" bev="0" fileid="2" />
                <SequencePoint vc="0" uspid="8" ordinal="1" sl="8" sc="1" el="8" ec="2" bec="0" bev="0" fileid="2" />
                <SequencePoint vc="0" uspid="10" ordinal="2" sl="10" sc="1" el="10" ec="2" bec="0" bev="0" fileid="2" />
                <SequencePoint vc="0" uspid="11" ordinal="3" sl="11" sc="1" el="11" ec="2" bec="0" bev="0" fileid="2" />
                <SequencePoint vc="0" uspid="12" ordinal="4" sl="12" sc="1" el="12" ec="2" bec="0" bev="0" fileid="2" />
                <SequencePoint vc="0" uspid="14" ordinal="5" sl="14" sc="1" el="14" ec="2" bec="0" bev="0" fileid="2" />
                <SequencePoint vc="0" uspid="15" ordinal="6" sl="15" sc="1" el="15" ec="2" bec="0" bev="0" fileid="2" />
              </SequencePoints>
              <BranchPoints />
              <MethodPoint vc="0" uspid="0" p8:type="SequencePoint" ordinal="0" offset="0" sc="0" sl="7" ec="1" el="15" bec="0" bev="0" fileid="2" xmlns:p8="xsi" />
            </Method>
          </Methods>
        </Class>
      </Classes>
    </Module>
  </Modules>
</CoverageSession>